<?xml version="1.0" encoding="utf-8"?><testsuite errors="0" failures="0" name="pytest" skipped="0" tests="9" time="0.091"><testcase classname="tests.test_game.TestGame" file="tests/test_game.py" line="10" name="test_game" time="0.002"></testcase><testcase classname="tests.test_game.TestThinker" file="tests/test_game.py" line="26" name="test_think_number_four_ciphers" time="0.001"></testcase><testcase classname="tests.test_game.TestThinker" file="tests/test_game.py" line="30" name="test_think_number_zero_ciphers" time="0.001"></testcase><testcase classname="tests.test_game.TestThinker" file="tests/test_game.py" line="35" name="test_think_number_minus_one_ciphers" time="0.001"></testcase><testcase classname="tests.test_game.TestEvaluator" file="tests/test_game.py" line="43" name="test_evaluate_guess" time="0.001"></testcase><testcase classname="tests.test_game.TestEvaluator" file="tests/test_game.py" line="50" name="test_evaluate_guess_three_wrongs" time="0.000"></testcase><testcase classname="tests.test_game.TestEvaluator" file="tests/test_game.py" line="57" name="test_evaluate_guess_two_rights_one_wrong_one_pbw" time="0.000"></testcase><testcase classname="tests.test_game.TestEvaluator" file="tests/test_game.py" line="64" name="test_evaluate_guess_one_right_three_wrongs" time="0.000"></testcase><testcase classname="tests.test_game.TestEvaluator" file="tests/test_game.py" line="71" name="test_evaluate_guess_no_rights_four_pbw" time="0.000"></testcase></testsuite>